[1022/183123.209:ERROR:process_info.cc(632)] range at 0x7fb4386c00000000, size 0x2a5 fully unreadable
[1022/183123.210:ERROR:process_info.cc(632)] range at 0x7fb4388c00000000, size 0x2a5 fully unreadable
[1022/183123.210:ERROR:process_info.cc(632)] range at 0x0, size 0x2a5 fully unreadable
[1022/183123.747:ERROR:process_info.cc(632)] range at 0x968045cc00000000, size 0x238 fully unreadable
[1022/183123.747:ERROR:process_info.cc(632)] range at 0x9680463200000000, size 0x238 fully unreadable
[1022/183123.747:ERROR:process_info.cc(632)] range at 0x0, size 0x238 fully unreadable
[1022/183123.799:ERROR:process_reader_win.cc(242)] ReadMemory at 0x7ff6e13f0000 of 64 bytes failed: Only part of a ReadProcessMemory or WriteProcessMemory request was completed. (0x12B)
[1022/183123.799:WARNING:pe_image_reader.cc(281)] could not read dos header from C:\Program Files (x86)\Google\Chrome\Application\chrome.exe
[1022/183123.799:ERROR:process_reader_win.cc(242)] ReadMemory at 0x7ffea1ab0000 of 64 bytes failed: Only part of a ReadProcessMemory or WriteProcessMemory request was completed. (0x12B)
[1022/183123.799:WARNING:pe_image_reader.cc(281)] could not read dos header from C:\WINDOWS\SYSTEM32\ntdll.dll
[1022/183123.799:ERROR:process_reader_win.cc(242)] ReadMemory at 0x7ffe9ea90000 of 64 bytes failed: Only part of a ReadProcessMemory or WriteProcessMemory request was completed. (0x12B)
[1022/183123.799:WARNING:pe_image_reader.cc(281)] could not read dos header from C:\WINDOWS\System32\KERNELBASE.dll
[1022/183123.799:ERROR:process_reader_win.cc(242)] ReadMemory at 0x7ffea1060000 of 64 bytes failed: Only part of a ReadProcessMemory or WriteProcessMemory request was completed. (0x12B)
[1022/183123.799:WARNING:pe_image_reader.cc(281)] could not read dos header from C:\WINDOWS\System32\KERNEL32.DLL
[1022/183123.799:ERROR:process_reader_win.cc(242)] ReadMemory at 0x7ffe9bf40000 of 64 bytes failed: Only part of a ReadProcessMemory or WriteProcessMemory request was completed. (0x12B)
[1022/183123.799:WARNING:pe_image_reader.cc(281)] could not read dos header from C:\WINDOWS\SYSTEM32\apphelp.dll
[1022/183123.799:ERROR:process_reader_win.cc(242)] ReadMemory at 0x23896900000 of 64 bytes failed: Only part of a ReadProcessMemory or WriteProcessMemory request was completed. (0x12B)
[1022/183123.799:WARNING:pe_image_reader.cc(281)] could not read dos header from C:\WINDOWS\System32\msvcrt.dll
[1022/183123.799:ERROR:process_reader_win.cc(242)] ReadMemory at 0x7ffe915f0000 of 64 bytes failed: Only part of a ReadProcessMemory or WriteProcessMemory request was completed. (0x12B)
[1022/183123.799:WARNING:pe_image_reader.cc(281)] could not read dos header from C:\WINDOWS\SYSTEM32\VERSION.dll
[1022/183123.799:ERROR:process_reader_win.cc(242)] ReadMemory at 0x7ffe803c0000 of 64 bytes failed: Only part of a ReadProcessMemory or WriteProcessMemory request was completed. (0x12B)
[1022/183123.799:WARNING:pe_image_reader.cc(281)] could not read dos header from C:\Program Files (x86)\Google\Chrome\Application\61.0.3163.100\chrome_elf.dll
[1022/183123.799:ERROR:process_reader_win.cc(242)] ReadMemory at 0x7ffea18c0000 of 64 bytes failed: Only part of a ReadProcessMemory or WriteProcessMemory request was completed. (0x12B)
[1022/183123.799:WARNING:pe_image_reader.cc(281)] could not read dos header from C:\WINDOWS\System32\RPCRT4.dll
[1022/183123.799:ERROR:process_reader_win.cc(242)] ReadMemory at 0x7ffea1210000 of 64 bytes failed: Only part of a ReadProcessMemory or WriteProcessMemory request was completed. (0x12B)
[1022/183123.799:WARNING:pe_image_reader.cc(281)] could not read dos header from C:\WINDOWS\System32\sechost.dll
[1022/183123.799:ERROR:process_reader_win.cc(242)] ReadMemory at 0x7ffea1670000 of 64 bytes failed: Only part of a ReadProcessMemory or WriteProcessMemory request was completed. (0x12B)
[1022/183123.799:WARNING:pe_image_reader.cc(281)] could not read dos header from C:\WINDOWS\System32\ADVAPI32.dll
[1022/183123.799:ERROR:process_reader_win.cc(242)] ReadMemory at 0x7ffea1660000 of 64 bytes failed: Only part of a ReadProcessMemory or WriteProcessMemory request was completed. (0x12B)
[1022/183123.799:WARNING:pe_image_reader.cc(281)] could not read dos header from C:\WINDOWS\System32\PSAPI.DLL
[1022/183123.799:ERROR:process_reader_win.cc(242)] ReadMemory at 0x7ffe9e050000 of 64 bytes failed: Only part of a ReadProcessMemory or WriteProcessMemory request was completed. (0x12B)
[1022/183123.799:WARNING:pe_image_reader.cc(281)] could not read dos header from C:\WINDOWS\System32\ucrtbase.dll
[1022/183123.799:ERROR:process_reader_win.cc(242)] ReadMemory at 0x7ffe9ee90000 of 64 bytes failed: Only part of a ReadProcessMemory or WriteProcessMemory request was completed. (0x12B)
[1022/183123.799:WARNING:pe_image_reader.cc(281)] could not read dos header from C:\WINDOWS\System32\cfgmgr32.dll
[1022/183123.799:ERROR:process_reader_win.cc(242)] ReadMemory at 0x7ffe9ee10000 of 64 bytes failed: Only part of a ReadProcessMemory or WriteProcessMemory request was completed. (0x12B)
[1022/183123.799:WARNING:pe_image_reader.cc(281)] could not read dos header from C:\WINDOWS\System32\bcryptPrimitives.dll
[1022/183123.799:ERROR:process_reader_win.cc(242)] ReadMemory at 0x7ffe9f910000 of 64 bytes failed: Only part of a ReadProcessMemory or WriteProcessMemory request was completed. (0x12B)
[1022/183123.799:WARNING:pe_image_reader.cc(281)] could not read dos header from C:\WINDOWS\System32\combase.dll
[1022/183123.799:ERROR:process_reader_win.cc(242)] ReadMemory at 0x7ffe9f3b0000 of 64 bytes failed: Only part of a ReadProcessMemory or WriteProcessMemory request was completed. (0x12B)
[1022/183123.799:WARNING:pe_image_reader.cc(281)] could not read dos header from C:\WINDOWS\System32\shcore.dll
[1022/183123.799:ERROR:process_reader_win.cc(242)] ReadMemory at 0x7ffe9eee0000 of 64 bytes failed: Only part of a ReadProcessMemory or WriteProcessMemory request was completed. (0x12B)
[1022/183123.799:WARNING:pe_image_reader.cc(281)] could not read dos header from C:\WINDOWS\System32\msvcp_win.dll
[1022/183123.799:ERROR:process_reader_win.cc(242)] ReadMemory at 0x7ffe9e150000 of 64 bytes failed: Only part of a ReadProcessMemory or WriteProcessMemory request was completed. (0x12B)
[1022/183123.799:WARNING:pe_image_reader.cc(281)] could not read dos header from C:\WINDOWS\System32\win32u.dll
[1022/183123.799:ERROR:process_reader_win.cc(242)] ReadMemory at 0x7ffe9ef90000 of 64 bytes failed: Only part of a ReadProcessMemory or WriteProcessMemory request was completed. (0x12B)
[1022/183123.799:WARNING:pe_image_reader.cc(281)] could not read dos header from C:\WINDOWS\System32\USER32.dll
[1022/183123.799:ERROR:process_reader_win.cc(242)] ReadMemory at 0x7ffe9deb0000 of 64 bytes failed: Only part of a ReadProcessMemory or WriteProcessMemory request was completed. (0x12B)
[1022/183123.799:WARNING:pe_image_reader.cc(281)] could not read dos header from C:\WINDOWS\System32\gdi32full.dll
[1022/183123.799:ERROR:process_reader_win.cc(242)] ReadMemory at 0x7ffea1270000 of 64 bytes failed: Only part of a ReadProcessMemory or WriteProcessMemory request was completed. (0x12B)
[1022/183123.799:WARNING:pe_image_reader.cc(281)] could not read dos header from C:\WINDOWS\System32\GDI32.dll
[1022/183123.799:ERROR:process_reader_win.cc(242)] ReadMemory at 0x7ffea1780000 of 64 bytes failed: Only part of a ReadProcessMemory or WriteProcessMemory request was completed. (0x12B)
[1022/183123.799:WARNING:pe_image_reader.cc(281)] could not read dos header from C:\WINDOWS\System32\IMM32.DLL
[1022/183123.799:ERROR:process_reader_win.cc(242)] ReadMemory at 0x7ffea1720000 of 64 bytes failed: Only part of a ReadProcessMemory or WriteProcessMemory request was completed. (0x12B)
[1022/183123.799:WARNING:pe_image_reader.cc(281)] could not read dos header from C:\WINDOWS\System32\shlwapi.dll
[1022/183123.799:ERROR:process_reader_win.cc(242)] ReadMemory at 0x7ffe9de90000 of 64 bytes failed: Only part of a ReadProcessMemory or WriteProcessMemory request was completed. (0x12B)
[1022/183123.799:WARNING:pe_image_reader.cc(281)] could not read dos header from C:\WINDOWS\System32\kernel.appcore.dll
[1022/183123.799:ERROR:process_reader_win.cc(242)] ReadMemory at 0x7ffe9de20000 of 64 bytes failed: Only part of a ReadProcessMemory or WriteProcessMemory request was completed. (0x12B)
[1022/183123.799:WARNING:pe_image_reader.cc(281)] could not read dos header from C:\WINDOWS\System32\powrprof.dll
[1022/183123.799:ERROR:process_reader_win.cc(242)] ReadMemory at 0x7ffe9de00000 of 64 bytes failed: Only part of a ReadProcessMemory or WriteProcessMemory request was completed. (0x12B)
[1022/183123.799:WARNING:pe_image_reader.cc(281)] could not read dos header from C:\WINDOWS\System32\profapi.dll
[1022/183123.799:ERROR:process_reader_win.cc(242)] ReadMemory at 0x7ffe9e340000 of 64 bytes failed: Only part of a ReadProcessMemory or WriteProcessMemory request was completed. (0x12B)
[1022/183123.799:WARNING:pe_image_reader.cc(281)] could not read dos header from C:\WINDOWS\System32\windows.storage.dll
[1022/183123.799:ERROR:process_reader_win.cc(242)] ReadMemory at 0x7ffe9fc20000 of 64 bytes failed: Only part of a ReadProcessMemory or WriteProcessMemory request was completed. (0x12B)
[1022/183123.799:WARNING:pe_image_reader.cc(281)] could not read dos header from C:\WINDOWS\System32\SHELL32.dll
[1022/183123.799:ERROR:process_reader_win.cc(242)] ReadMemory at 0x7ffe9aa40000 of 64 bytes failed: Only part of a ReadProcessMemory or WriteProcessMemory request was completed. (0x12B)
[1022/183123.799:WARNING:pe_image_reader.cc(281)] could not read dos header from C:\WINDOWS\SYSTEM32\WINMMBASE.dll
[1022/183123.799:ERROR:process_reader_win.cc(242)] ReadMemory at 0x7ffe9aa70000 of 64 bytes failed: Only part of a ReadProcessMemory or WriteProcessMemory request was completed. (0x12B)
[1022/183123.799:WARNING:pe_image_reader.cc(281)] could not read dos header from C:\WINDOWS\SYSTEM32\WINMM.dll
[1022/183123.799:ERROR:process_reader_win.cc(242)] ReadMemory at 0x7ffe9dd30000 of 64 bytes failed: Only part of a ReadProcessMemory or WriteProcessMemory request was completed. (0x12B)
[1022/183123.799:WARNING:pe_image_reader.cc(281)] could not read dos header from C:\WINDOWS\SYSTEM32\USERENV.dll
[1022/183123.799:ERROR:process_reader_win.cc(242)] ReadMemory at 0x7ffe942a0000 of 64 bytes failed: Only part of a ReadProcessMemory or WriteProcessMemory request was completed. (0x12B)
[1022/183123.799:WARNING:pe_image_reader.cc(281)] could not read dos header from C:\WINDOWS\SYSTEM32\WINHTTP.dll
[1022/183123.799:ERROR:process_reader_win.cc(242)] ReadMemory at 0x7ffe9d870000 of 64 bytes failed: Only part of a ReadProcessMemory or WriteProcessMemory request was completed. (0x12B)
[1022/183123.799:WARNING:pe_image_reader.cc(281)] could not read dos header from C:\WINDOWS\SYSTEM32\CRYPTBASE.DLL
[1022/183123.799:ERROR:process_reader_win.cc(242)] ReadMemory at 0x23896e60000 of 64 bytes failed: Only part of a ReadProcessMemory or WriteProcessMemory request was completed. (0x12B)
[1022/183123.799:WARNING:pe_image_reader.cc(281)] could not read dos header from C:\WINDOWS\System32\ole32.dll
[1022/183123.799:ERROR:process_reader_win.cc(242)] ReadMemory at 0x7ffea1590000 of 64 bytes failed: Only part of a ReadProcessMemory or WriteProcessMemory request was completed. (0x12B)
[1022/183123.799:WARNING:pe_image_reader.cc(281)] could not read dos header from C:\WINDOWS\System32\OLEAUT32.dll
[1022/183123.799:ERROR:process_reader_win.cc(242)] ReadMemory at 0x7ffe9f340000 of 64 bytes failed: Only part of a ReadProcessMemory or WriteProcessMemory request was completed. (0x12B)
[1022/183123.799:WARNING:pe_image_reader.cc(281)] could not read dos header from C:\WINDOWS\System32\WS2_32.dll
[1022/183123.799:ERROR:process_reader_win.cc(242)] ReadMemory at 0x7ffe9de70000 of 64 bytes failed: Only part of a ReadProcessMemory or WriteProcessMemory request was completed. (0x12B)
[1022/183123.799:WARNING:pe_image_reader.cc(281)] could not read dos header from C:\WINDOWS\System32\MSASN1.dll
[1022/183123.799:ERROR:process_reader_win.cc(242)] ReadMemory at 0x7ffe9e170000 of 64 bytes failed: Only part of a ReadProcessMemory or WriteProcessMemory request was completed. (0x12B)
[1022/183123.799:WARNING:pe_image_reader.cc(281)] could not read dos header from C:\WINDOWS\System32\CRYPT32.dll
[1022/183123.799:ERROR:process_reader_win.cc(242)] ReadMemory at 0x7ffe9ed00000 of 64 bytes failed: Only part of a ReadProcessMemory or WriteProcessMemory request was completed. (0x12B)
[1022/183123.799:WARNING:pe_image_reader.cc(281)] could not read dos header from C:\WINDOWS\System32\WINTRUST.dll
[1022/183123.799:ERROR:process_reader_win.cc(242)] ReadMemory at 0x7ffe90f10000 of 64 bytes failed: Only part of a ReadProcessMemory or WriteProcessMemory request was completed. (0x12B)
[1022/183123.799:WARNING:pe_image_reader.cc(281)] could not read dos header from C:\WINDOWS\WinSxS\amd64_microsoft.windows.common-controls_6595b64144ccf1df_6.0.16299.15_none_cc92fb402215d91d\COMCTL32.dll
[1022/183123.799:ERROR:process_reader_win.cc(242)] ReadMemory at 0x7ffea17b0000 of 64 bytes failed: Only part of a ReadProcessMemory or WriteProcessMemory request was completed. (0x12B)
[1022/183123.799:WARNING:pe_image_reader.cc(281)] could not read dos header from C:\WINDOWS\System32\COMDLG32.dll
[1022/183123.799:ERROR:process_reader_win.cc(242)] ReadMemory at 0x7ffe9c790000 of 64 bytes failed: Only part of a ReadProcessMemory or WriteProcessMemory request was completed. (0x12B)
[1022/183123.799:WARNING:pe_image_reader.cc(281)] could not read dos header from C:\WINDOWS\SYSTEM32\dbghelp.dll
[1022/183123.799:ERROR:process_reader_win.cc(242)] ReadMemory at 0x7ffe99040000 of 64 bytes failed: Only part of a ReadProcessMemory or WriteProcessMemory request was completed. (0x12B)
[1022/183123.799:WARNING:pe_image_reader.cc(281)] could not read dos header from C:\WINDOWS\SYSTEM32\USP10.dll
[1022/183123.799:ERROR:process_reader_win.cc(242)] ReadMemory at 0x7ffe9d420000 of 64 bytes failed: Only part of a ReadProcessMemory or WriteProcessMemory request was completed. (0x12B)
[1022/183123.799:WARNING:pe_image_reader.cc(281)] could not read dos header from C:\WINDOWS\SYSTEM32\IPHLPAPI.DLL
[1022/183123.799:ERROR:process_reader_win.cc(242)] ReadMemory at 0x7ffe9d960000 of 64 bytes failed: Only part of a ReadProcessMemory or WriteProcessMemory request was completed. (0x12B)
[1022/183123.799:WARNING:pe_image_reader.cc(281)] could not read dos header from C:\WINDOWS\SYSTEM32\bcrypt.dll
[1022/183123.799:ERROR:process_reader_win.cc(242)] ReadMemory at 0x7ffe91180000 of 64 bytes failed: Only part of a ReadProcessMemory or WriteProcessMemory request was completed. (0x12B)
[1022/183123.799:WARNING:pe_image_reader.cc(281)] could not read dos header from C:\WINDOWS\SYSTEM32\WINSPOOL.DRV
[1022/183123.799:ERROR:process_reader_win.cc(242)] ReadMemory at 0x7ffe8f020000 of 64 bytes failed: Only part of a ReadProcessMemory or WriteProcessMemory request was completed. (0x12B)
[1022/183123.799:WARNING:pe_image_reader.cc(281)] could not read dos header from C:\WINDOWS\SYSTEM32\Secur32.dll
[1022/183123.799:ERROR:process_reader_win.cc(242)] ReadMemory at 0x7ffe983c0000 of 64 bytes failed: Only part of a ReadProcessMemory or WriteProcessMemory request was completed. (0x12B)
[1022/183123.799:WARNING:pe_image_reader.cc(281)] could not read dos header from C:\WINDOWS\SYSTEM32\iertutil.dll
[1022/183123.799:ERROR:process_reader_win.cc(242)] ReadMemory at 0x7ffea1560000 of 64 bytes failed: Only part of a ReadProcessMemory or WriteProcessMemory request was completed. (0x12B)
[1022/183123.799:WARNING:pe_image_reader.cc(281)] could not read dos header from C:\WINDOWS\System32\imagehlp.dll
[1022/183123.799:ERROR:process_reader_win.cc(242)] ReadMemory at 0x7ffe97e30000 of 64 bytes failed: Only part of a ReadProcessMemory or WriteProcessMemory request was completed. (0x12B)
[1022/183123.799:WARNING:pe_image_reader.cc(281)] could not read dos header from C:\WINDOWS\SYSTEM32\urlmon.dll
[1022/183123.799:ERROR:process_reader_win.cc(242)] ReadMemory at 0x7ffe95670000 of 64 bytes failed: Only part of a ReadProcessMemory or WriteProcessMemory request was completed. (0x12B)
[1022/183123.799:WARNING:pe_image_reader.cc(281)] could not read dos header from C:\WINDOWS\SYSTEM32\DWrite.dll
[1022/183123.799:ERROR:process_reader_win.cc(242)] ReadMemory at 0x7ffe9dd00000 of 64 bytes failed: Only part of a ReadProcessMemory or WriteProcessMemory request was completed. (0x12B)
[1022/183123.799:WARNING:pe_image_reader.cc(281)] could not read dos header from C:\WINDOWS\SYSTEM32\SSPICLI.DLL
[1022/183123.799:ERROR:process_reader_win.cc(242)] ReadMemory at 0x7ffe51870000 of 64 bytes failed: Only part of a ReadProcessMemory or WriteProcessMemory request was completed. (0x12B)
[1022/183123.799:WARNING:pe_image_reader.cc(281)] could not read dos header from C:\Program Files (x86)\Google\Chrome\Application\61.0.3163.100\chrome_child.dll
[1022/183123.799:ERROR:process_reader_win.cc(242)] ReadMemory at 0x7ff6e13f0000 of 64 bytes failed: Only part of a ReadProcessMemory or WriteProcessMemory request was completed. (0x12B)
[1022/183123.799:WARNING:pe_image_reader.cc(281)] could not read dos header from C:\Program Files (x86)\Google\Chrome\Application\chrome.exe
[1022/183123.799:ERROR:process_reader_win.cc(242)] ReadMemory at 0x7ffea1ab0000 of 64 bytes failed: Only part of a ReadProcessMemory or WriteProcessMemory request was completed. (0x12B)
[1022/183123.799:WARNING:pe_image_reader.cc(281)] could not read dos header from C:\WINDOWS\SYSTEM32\ntdll.dll
[1022/183123.799:ERROR:process_reader_win.cc(242)] ReadMemory at 0x7ffe9ea90000 of 64 bytes failed: Only part of a ReadProcessMemory or WriteProcessMemory request was completed. (0x12B)
[1022/183123.799:WARNING:pe_image_reader.cc(281)] could not read dos header from C:\WINDOWS\System32\KERNELBASE.dll
[1022/183123.799:ERROR:process_reader_win.cc(242)] ReadMemory at 0x7ffea1060000 of 64 bytes failed: Only part of a ReadProcessMemory or WriteProcessMemory request was completed. (0x12B)
[1022/183123.799:WARNING:pe_image_reader.cc(281)] could not read dos header from C:\WINDOWS\System32\KERNEL32.DLL
[1022/183123.799:ERROR:process_reader_win.cc(242)] ReadMemory at 0x7ffe9bf40000 of 64 bytes failed: Only part of a ReadProcessMemory or WriteProcessMemory request was completed. (0x12B)
[1022/183123.799:WARNING:pe_image_reader.cc(281)] could not read dos header from C:\WINDOWS\SYSTEM32\apphelp.dll
[1022/183123.799:ERROR:process_reader_win.cc(242)] ReadMemory at 0x23896900000 of 64 bytes failed: Only part of a ReadProcessMemory or WriteProcessMemory request was completed. (0x12B)
[1022/183123.799:WARNING:pe_image_reader.cc(281)] could not read dos header from C:\WINDOWS\System32\msvcrt.dll
[1022/183123.799:ERROR:process_reader_win.cc(242)] ReadMemory at 0x7ffe915f0000 of 64 bytes failed: Only part of a ReadProcessMemory or WriteProcessMemory request was completed. (0x12B)
[1022/183123.799:WARNING:pe_image_reader.cc(281)] could not read dos header from C:\WINDOWS\SYSTEM32\VERSION.dll
[1022/183123.799:ERROR:process_reader_win.cc(242)] ReadMemory at 0x7ffe803c0000 of 64 bytes failed: Only part of a ReadProcessMemory or WriteProcessMemory request was completed. (0x12B)
[1022/183123.799:WARNING:pe_image_reader.cc(281)] could not read dos header from C:\Program Files (x86)\Google\Chrome\Application\61.0.3163.100\chrome_elf.dll
[1022/183123.799:ERROR:process_reader_win.cc(242)] ReadMemory at 0x7ffea18c0000 of 64 bytes failed: Only part of a ReadProcessMemory or WriteProcessMemory request was completed. (0x12B)
[1022/183123.799:WARNING:pe_image_reader.cc(281)] could not read dos header from C:\WINDOWS\System32\RPCRT4.dll
[1022/183123.799:ERROR:process_reader_win.cc(242)] ReadMemory at 0x7ffea1210000 of 64 bytes failed: Only part of a ReadProcessMemory or WriteProcessMemory request was completed. (0x12B)
[1022/183123.799:WARNING:pe_image_reader.cc(281)] could not read dos header from C:\WINDOWS\System32\sechost.dll
[1022/183123.799:ERROR:process_reader_win.cc(242)] ReadMemory at 0x7ffea1670000 of 64 bytes failed: Only part of a ReadProcessMemory or WriteProcessMemory request was completed. (0x12B)
[1022/183123.799:WARNING:pe_image_reader.cc(281)] could not read dos header from C:\WINDOWS\System32\ADVAPI32.dll
[1022/183123.799:ERROR:process_reader_win.cc(242)] ReadMemory at 0x7ffea1660000 of 64 bytes failed: Only part of a ReadProcessMemory or WriteProcessMemory request was completed. (0x12B)
[1022/183123.799:WARNING:pe_image_reader.cc(281)] could not read dos header from C:\WINDOWS\System32\PSAPI.DLL
[1022/183123.799:ERROR:process_reader_win.cc(242)] ReadMemory at 0x7ffe9e050000 of 64 bytes failed: Only part of a ReadProcessMemory or WriteProcessMemory request was completed. (0x12B)
[1022/183123.799:WARNING:pe_image_reader.cc(281)] could not read dos header from C:\WINDOWS\System32\ucrtbase.dll
[1022/183123.799:ERROR:process_reader_win.cc(242)] ReadMemory at 0x7ffe9ee90000 of 64 bytes failed: Only part of a ReadProcessMemory or WriteProcessMemory request was completed. (0x12B)
[1022/183123.799:WARNING:pe_image_reader.cc(281)] could not read dos header from C:\WINDOWS\System32\cfgmgr32.dll
[1022/183123.799:ERROR:process_reader_win.cc(242)] ReadMemory at 0x7ffe9ee10000 of 64 bytes failed: Only part of a ReadProcessMemory or WriteProcessMemory request was completed. (0x12B)
[1022/183123.799:WARNING:pe_image_reader.cc(281)] could not read dos header from C:\WINDOWS\System32\bcryptPrimitives.dll
[1022/183123.799:ERROR:process_reader_win.cc(242)] ReadMemory at 0x7ffe9f910000 of 64 bytes failed: Only part of a ReadProcessMemory or WriteProcessMemory request was completed. (0x12B)
[1022/183123.799:WARNING:pe_image_reader.cc(281)] could not read dos header from C:\WINDOWS\System32\combase.dll
[1022/183123.799:ERROR:process_reader_win.cc(242)] ReadMemory at 0x7ffe9f3b0000 of 64 bytes failed: Only part of a ReadProcessMemory or WriteProcessMemory request was completed. (0x12B)
[1022/183123.799:WARNING:pe_image_reader.cc(281)] could not read dos header from C:\WINDOWS\System32\shcore.dll
[1022/183123.799:ERROR:process_reader_win.cc(242)] ReadMemory at 0x7ffe9eee0000 of 64 bytes failed: Only part of a ReadProcessMemory or WriteProcessMemory request was completed. (0x12B)
[1022/183123.799:WARNING:pe_image_reader.cc(281)] could not read dos header from C:\WINDOWS\System32\msvcp_win.dll
[1022/183123.799:ERROR:process_reader_win.cc(242)] ReadMemory at 0x7ffe9e150000 of 64 bytes failed: Only part of a ReadProcessMemory or WriteProcessMemory request was completed. (0x12B)
[1022/183123.799:WARNING:pe_image_reader.cc(281)] could not read dos header from C:\WINDOWS\System32\win32u.dll
[1022/183123.799:ERROR:process_reader_win.cc(242)] ReadMemory at 0x7ffe9ef90000 of 64 bytes failed: Only part of a ReadProcessMemory or WriteProcessMemory request was completed. (0x12B)
[1022/183123.799:WARNING:pe_image_reader.cc(281)] could not read dos header from C:\WINDOWS\System32\USER32.dll
[1022/183123.799:ERROR:process_reader_win.cc(242)] ReadMemory at 0x7ffe9deb0000 of 64 bytes failed: Only part of a ReadProcessMemory or WriteProcessMemory request was completed. (0x12B)
[1022/183123.799:WARNING:pe_image_reader.cc(281)] could not read dos header from C:\WINDOWS\System32\gdi32full.dll
[1022/183123.799:ERROR:process_reader_win.cc(242)] ReadMemory at 0x7ffea1270000 of 64 bytes failed: Only part of a ReadProcessMemory or WriteProcessMemory request was completed. (0x12B)
[1022/183123.799:WARNING:pe_image_reader.cc(281)] could not read dos header from C:\WINDOWS\System32\GDI32.dll
[1022/183123.799:ERROR:process_reader_win.cc(242)] ReadMemory at 0x7ffea1780000 of 64 bytes failed: Only part of a ReadProcessMemory or WriteProcessMemory request was completed. (0x12B)
[1022/183123.799:WARNING:pe_image_reader.cc(281)] could not read dos header from C:\WINDOWS\System32\IMM32.DLL
[1022/183123.799:ERROR:process_reader_win.cc(242)] ReadMemory at 0x7ffea1720000 of 64 bytes failed: Only part of a ReadProcessMemory or WriteProcessMemory request was completed. (0x12B)
[1022/183123.799:WARNING:pe_image_reader.cc(281)] could not read dos header from C:\WINDOWS\System32\shlwapi.dll
[1022/183123.799:ERROR:process_reader_win.cc(242)] ReadMemory at 0x7ffe9de90000 of 64 bytes failed: Only part of a ReadProcessMemory or WriteProcessMemory request was completed. (0x12B)
[1022/183123.799:WARNING:pe_image_reader.cc(281)] could not read dos header from C:\WINDOWS\System32\kernel.appcore.dll
[1022/183123.799:ERROR:process_reader_win.cc(242)] ReadMemory at 0x7ffe9de20000 of 64 bytes failed: Only part of a ReadProcessMemory or WriteProcessMemory request was completed. (0x12B)
[1022/183123.842:WARNING:pe_image_reader.cc(281)] could not read dos header from C:\WINDOWS\System32\powrprof.dll
[1022/183123.842:ERROR:process_reader_win.cc(242)] ReadMemory at 0x7ffe9de00000 of 64 bytes failed: Only part of a ReadProcessMemory or WriteProcessMemory request was completed. (0x12B)
[1022/183123.842:WARNING:pe_image_reader.cc(281)] could not read dos header from C:\WINDOWS\System32\profapi.dll
[1022/183123.842:ERROR:process_reader_win.cc(242)] ReadMemory at 0x7ffe9e340000 of 64 bytes failed: Only part of a ReadProcessMemory or WriteProcessMemory request was completed. (0x12B)
[1022/183123.842:WARNING:pe_image_reader.cc(281)] could not read dos header from C:\WINDOWS\System32\windows.storage.dll
[1022/183123.842:ERROR:process_reader_win.cc(242)] ReadMemory at 0x7ffe9fc20000 of 64 bytes failed: Only part of a ReadProcessMemory or WriteProcessMemory request was completed. (0x12B)
[1022/183123.842:WARNING:pe_image_reader.cc(281)] could not read dos header from C:\WINDOWS\System32\SHELL32.dll
[1022/183123.842:ERROR:process_reader_win.cc(242)] ReadMemory at 0x7ffe9aa40000 of 64 bytes failed: Only part of a ReadProcessMemory or WriteProcessMemory request was completed. (0x12B)
[1022/183123.842:WARNING:pe_image_reader.cc(281)] could not read dos header from C:\WINDOWS\SYSTEM32\WINMMBASE.dll
[1022/183123.843:ERROR:process_reader_win.cc(242)] ReadMemory at 0x7ffe9aa70000 of 64 bytes failed: Only part of a ReadProcessMemory or WriteProcessMemory request was completed. (0x12B)
[1022/183123.843:WARNING:pe_image_reader.cc(281)] could not read dos header from C:\WINDOWS\SYSTEM32\WINMM.dll
[1022/183123.843:ERROR:process_reader_win.cc(242)] ReadMemory at 0x7ffe9dd30000 of 64 bytes failed: Only part of a ReadProcessMemory or WriteProcessMemory request was completed. (0x12B)
[1022/183123.843:WARNING:pe_image_reader.cc(281)] could not read dos header from C:\WINDOWS\SYSTEM32\USERENV.dll
[1022/183123.843:ERROR:process_reader_win.cc(242)] ReadMemory at 0x7ffe942a0000 of 64 bytes failed: Only part of a ReadProcessMemory or WriteProcessMemory request was completed. (0x12B)
[1022/183123.843:WARNING:pe_image_reader.cc(281)] could not read dos header from C:\WINDOWS\SYSTEM32\WINHTTP.dll
[1022/183123.843:ERROR:process_reader_win.cc(242)] ReadMemory at 0x7ffe9d870000 of 64 bytes failed: Only part of a ReadProcessMemory or WriteProcessMemory request was completed. (0x12B)
[1022/183123.843:WARNING:pe_image_reader.cc(281)] could not read dos header from C:\WINDOWS\SYSTEM32\CRYPTBASE.DLL
[1022/183123.843:ERROR:process_reader_win.cc(242)] ReadMemory at 0x23896e60000 of 64 bytes failed: Only part of a ReadProcessMemory or WriteProcessMemory request was completed. (0x12B)
[1022/183123.843:WARNING:pe_image_reader.cc(281)] could not read dos header from C:\WINDOWS\System32\ole32.dll
[1022/183123.843:ERROR:process_reader_win.cc(242)] ReadMemory at 0x7ffea1590000 of 64 bytes failed: Only part of a ReadProcessMemory or WriteProcessMemory request was completed. (0x12B)
[1022/183123.843:WARNING:pe_image_reader.cc(281)] could not read dos header from C:\WINDOWS\System32\OLEAUT32.dll
[1022/183123.843:ERROR:process_reader_win.cc(242)] ReadMemory at 0x7ffe9f340000 of 64 bytes failed: Only part of a ReadProcessMemory or WriteProcessMemory request was completed. (0x12B)
[1022/183123.843:WARNING:pe_image_reader.cc(281)] could not read dos header from C:\WINDOWS\System32\WS2_32.dll
[1022/183123.843:ERROR:process_reader_win.cc(242)] ReadMemory at 0x7ffe9de70000 of 64 bytes failed: Only part of a ReadProcessMemory or WriteProcessMemory request was completed. (0x12B)
[1022/183123.843:WARNING:pe_image_reader.cc(281)] could not read dos header from C:\WINDOWS\System32\MSASN1.dll
[1022/183123.843:ERROR:process_reader_win.cc(242)] ReadMemory at 0x7ffe9e170000 of 64 bytes failed: Only part of a ReadProcessMemory or WriteProcessMemory request was completed. (0x12B)
[1022/183123.843:WARNING:pe_image_reader.cc(281)] could not read dos header from C:\WINDOWS\System32\CRYPT32.dll
[1022/183123.843:ERROR:process_reader_win.cc(242)] ReadMemory at 0x7ffe9ed00000 of 64 bytes failed: Only part of a ReadProcessMemory or WriteProcessMemory request was completed. (0x12B)
[1022/183123.843:WARNING:pe_image_reader.cc(281)] could not read dos header from C:\WINDOWS\System32\WINTRUST.dll
[1022/183123.843:ERROR:process_reader_win.cc(242)] ReadMemory at 0x7ffe90f10000 of 64 bytes failed: Only part of a ReadProcessMemory or WriteProcessMemory request was completed. (0x12B)
[1022/183123.843:WARNING:pe_image_reader.cc(281)] could not read dos header from C:\WINDOWS\WinSxS\amd64_microsoft.windows.common-controls_6595b64144ccf1df_6.0.16299.15_none_cc92fb402215d91d\COMCTL32.dll
[1022/183123.843:ERROR:process_reader_win.cc(242)] ReadMemory at 0x7ffea17b0000 of 64 bytes failed: Only part of a ReadProcessMemory or WriteProcessMemory request was completed. (0x12B)
[1022/183123.843:WARNING:pe_image_reader.cc(281)] could not read dos header from C:\WINDOWS\System32\COMDLG32.dll
[1022/183123.843:ERROR:process_reader_win.cc(242)] ReadMemory at 0x7ffe9c790000 of 64 bytes failed: Only part of a ReadProcessMemory or WriteProcessMemory request was completed. (0x12B)
[1022/183123.843:WARNING:pe_image_reader.cc(281)] could not read dos header from C:\WINDOWS\SYSTEM32\dbghelp.dll
[1022/183123.843:ERROR:process_reader_win.cc(242)] ReadMemory at 0x7ffe99040000 of 64 bytes failed: Only part of a ReadProcessMemory or WriteProcessMemory request was completed. (0x12B)
[1022/183123.843:WARNING:pe_image_reader.cc(281)] could not read dos header from C:\WINDOWS\SYSTEM32\USP10.dll
[1022/183123.843:ERROR:process_reader_win.cc(242)] ReadMemory at 0x7ffe9d420000 of 64 bytes failed: Only part of a ReadProcessMemory or WriteProcessMemory request was completed. (0x12B)
[1022/183123.843:WARNING:pe_image_reader.cc(281)] could not read dos header from C:\WINDOWS\SYSTEM32\IPHLPAPI.DLL
[1022/183123.843:ERROR:process_reader_win.cc(242)] ReadMemory at 0x7ffe9d960000 of 64 bytes failed: Only part of a ReadProcessMemory or WriteProcessMemory request was completed. (0x12B)
[1022/183123.843:WARNING:pe_image_reader.cc(281)] could not read dos header from C:\WINDOWS\SYSTEM32\bcrypt.dll
[1022/183123.843:ERROR:process_reader_win.cc(242)] ReadMemory at 0x7ffe91180000 of 64 bytes failed: Only part of a ReadProcessMemory or WriteProcessMemory request was completed. (0x12B)
[1022/183123.843:WARNING:pe_image_reader.cc(281)] could not read dos header from C:\WINDOWS\SYSTEM32\WINSPOOL.DRV
[1022/183123.843:ERROR:process_reader_win.cc(242)] ReadMemory at 0x7ffe8f020000 of 64 bytes failed: Only part of a ReadProcessMemory or WriteProcessMemory request was completed. (0x12B)
[1022/183123.843:WARNING:pe_image_reader.cc(281)] could not read dos header from C:\WINDOWS\SYSTEM32\Secur32.dll
[1022/183123.843:ERROR:process_reader_win.cc(242)] ReadMemory at 0x7ffe983c0000 of 64 bytes failed: Only part of a ReadProcessMemory or WriteProcessMemory request was completed. (0x12B)
[1022/183123.843:WARNING:pe_image_reader.cc(281)] could not read dos header from C:\WINDOWS\SYSTEM32\iertutil.dll
[1022/183123.843:ERROR:process_reader_win.cc(242)] ReadMemory at 0x7ffea1560000 of 64 bytes failed: Only part of a ReadProcessMemory or WriteProcessMemory request was completed. (0x12B)
[1022/183123.843:WARNING:pe_image_reader.cc(281)] could not read dos header from C:\WINDOWS\System32\imagehlp.dll
[1022/183123.843:ERROR:process_reader_win.cc(242)] ReadMemory at 0x7ffe97e30000 of 64 bytes failed: Only part of a ReadProcessMemory or WriteProcessMemory request was completed. (0x12B)
[1022/183123.843:WARNING:pe_image_reader.cc(281)] could not read dos header from C:\WINDOWS\SYSTEM32\urlmon.dll
[1022/183123.843:ERROR:process_reader_win.cc(242)] ReadMemory at 0x7ffe95670000 of 64 bytes failed: Only part of a ReadProcessMemory or WriteProcessMemory request was completed. (0x12B)
[1022/183123.843:WARNING:pe_image_reader.cc(281)] could not read dos header from C:\WINDOWS\SYSTEM32\DWrite.dll
[1022/183123.843:ERROR:process_reader_win.cc(242)] ReadMemory at 0x7ffe9dd00000 of 64 bytes failed: Only part of a ReadProcessMemory or WriteProcessMemory request was completed. (0x12B)
[1022/183123.843:WARNING:pe_image_reader.cc(281)] could not read dos header from C:\WINDOWS\SYSTEM32\SSPICLI.DLL
[1022/183123.843:ERROR:process_reader_win.cc(242)] ReadMemory at 0x7ffe51870000 of 64 bytes failed: Only part of a ReadProcessMemory or WriteProcessMemory request was completed. (0x12B)
[1022/183123.843:WARNING:pe_image_reader.cc(281)] could not read dos header from C:\Program Files (x86)\Google\Chrome\Application\61.0.3163.100\chrome_child.dll
[1022/183123.866:ERROR:process_reader_win.cc(242)] ReadMemory at 0x7ff6e13f0000 of 64 bytes failed: Only part of a ReadProcessMemory or WriteProcessMemory request was completed. (0x12B)
[1022/183123.866:WARNING:pe_image_reader.cc(281)] could not read dos header from C:\Program Files (x86)\Google\Chrome\Application\chrome.exe
[1022/183123.866:ERROR:process_reader_win.cc(242)] ReadMemory at 0x7ffea1ab0000 of 64 bytes failed: Only part of a ReadProcessMemory or WriteProcessMemory request was completed. (0x12B)
[1022/183123.866:WARNING:pe_image_reader.cc(281)] could not read dos header from C:\WINDOWS\SYSTEM32\ntdll.dll
[1022/183123.866:ERROR:process_reader_win.cc(242)] ReadMemory at 0x7ffe9ea90000 of 64 bytes failed: Only part of a ReadProcessMemory or WriteProcessMemory request was completed. (0x12B)
[1022/183123.866:WARNING:pe_image_reader.cc(281)] could not read dos header from C:\WINDOWS\System32\KERNELBASE.dll
[1022/183123.866:ERROR:process_reader_win.cc(242)] ReadMemory at 0x7ffea1060000 of 64 bytes failed: Only part of a ReadProcessMemory or WriteProcessMemory request was completed. (0x12B)
[1022/183123.866:WARNING:pe_image_reader.cc(281)] could not read dos header from C:\WINDOWS\System32\KERNEL32.DLL
[1022/183123.866:ERROR:process_reader_win.cc(242)] ReadMemory at 0x7ffe9bf40000 of 64 bytes failed: Only part of a ReadProcessMemory or WriteProcessMemory request was completed. (0x12B)
[1022/183123.866:WARNING:pe_image_reader.cc(281)] could not read dos header from C:\WINDOWS\SYSTEM32\apphelp.dll
[1022/183123.866:ERROR:process_reader_win.cc(242)] ReadMemory at 0x23896900000 of 64 bytes failed: Only part of a ReadProcessMemory or WriteProcessMemory request was completed. (0x12B)
[1022/183123.866:WARNING:pe_image_reader.cc(281)] could not read dos header from C:\WINDOWS\System32\msvcrt.dll
[1022/183123.866:ERROR:process_reader_win.cc(242)] ReadMemory at 0x7ffe915f0000 of 64 bytes failed: Only part of a ReadProcessMemory or WriteProcessMemory request was completed. (0x12B)
[1022/183123.866:WARNING:pe_image_reader.cc(281)] could not read dos header from C:\WINDOWS\SYSTEM32\VERSION.dll
[1022/183123.866:ERROR:process_reader_win.cc(242)] ReadMemory at 0x7ffe803c0000 of 64 bytes failed: Only part of a ReadProcessMemory or WriteProcessMemory request was completed. (0x12B)
[1022/183123.866:WARNING:pe_image_reader.cc(281)] could not read dos header from C:\Program Files (x86)\Google\Chrome\Application\61.0.3163.100\chrome_elf.dll
[1022/183123.866:ERROR:process_reader_win.cc(242)] ReadMemory at 0x7ffea18c0000 of 64 bytes failed: Only part of a ReadProcessMemory or WriteProcessMemory request was completed. (0x12B)
[1022/183123.866:WARNING:pe_image_reader.cc(281)] could not read dos header from C:\WINDOWS\System32\RPCRT4.dll
[1022/183123.866:ERROR:process_reader_win.cc(242)] ReadMemory at 0x7ffea1210000 of 64 bytes failed: Only part of a ReadProcessMemory or WriteProcessMemory request was completed. (0x12B)
[1022/183123.866:WARNING:pe_image_reader.cc(281)] could not read dos header from C:\WINDOWS\System32\sechost.dll
[1022/183123.866:ERROR:process_reader_win.cc(242)] ReadMemory at 0x7ffea1670000 of 64 bytes failed: Only part of a ReadProcessMemory or WriteProcessMemory request was completed. (0x12B)
[1022/183123.866:WARNING:pe_image_reader.cc(281)] could not read dos header from C:\WINDOWS\System32\ADVAPI32.dll
[1022/183123.866:ERROR:process_reader_win.cc(242)] ReadMemory at 0x7ffea1660000 of 64 bytes failed: Only part of a ReadProcessMemory or WriteProcessMemory request was completed. (0x12B)
[1022/183123.866:WARNING:pe_image_reader.cc(281)] could not read dos header from C:\WINDOWS\System32\PSAPI.DLL
[1022/183123.866:ERROR:process_reader_win.cc(242)] ReadMemory at 0x7ffe9e050000 of 64 bytes failed: Only part of a ReadProcessMemory or WriteProcessMemory request was completed. (0x12B)
[1022/183123.866:WARNING:pe_image_reader.cc(281)] could not read dos header from C:\WINDOWS\System32\ucrtbase.dll
[1022/183123.866:ERROR:process_reader_win.cc(242)] ReadMemory at 0x7ffe9ee90000 of 64 bytes failed: Only part of a ReadProcessMemory or WriteProcessMemory request was completed. (0x12B)
[1022/183123.866:WARNING:pe_image_reader.cc(281)] could not read dos header from C:\WINDOWS\System32\cfgmgr32.dll
[1022/183123.866:ERROR:process_reader_win.cc(242)] ReadMemory at 0x7ffe9ee10000 of 64 bytes failed: Only part of a ReadProcessMemory or WriteProcessMemory request was completed. (0x12B)
[1022/183123.866:WARNING:pe_image_reader.cc(281)] could not read dos header from C:\WINDOWS\System32\bcryptPrimitives.dll
[1022/183123.866:ERROR:process_reader_win.cc(242)] ReadMemory at 0x7ffe9f910000 of 64 bytes failed: Only part of a ReadProcessMemory or WriteProcessMemory request was completed. (0x12B)
[1022/183123.867:WARNING:pe_image_reader.cc(281)] could not read dos header from C:\WINDOWS\System32\combase.dll
[1022/183123.867:ERROR:process_reader_win.cc(242)] ReadMemory at 0x7ffe9f3b0000 of 64 bytes failed: Only part of a ReadProcessMemory or WriteProcessMemory request was completed. (0x12B)
[1022/183123.867:WARNING:pe_image_reader.cc(281)] could not read dos header from C:\WINDOWS\System32\shcore.dll
[1022/183123.867:ERROR:process_reader_win.cc(242)] ReadMemory at 0x7ffe9eee0000 of 64 bytes failed: Only part of a ReadProcessMemory or WriteProcessMemory request was completed. (0x12B)
[1022/183123.867:WARNING:pe_image_reader.cc(281)] could not read dos header from C:\WINDOWS\System32\msvcp_win.dll
[1022/183123.867:ERROR:process_reader_win.cc(242)] ReadMemory at 0x7ffe9e150000 of 64 bytes failed: Only part of a ReadProcessMemory or WriteProcessMemory request was completed. (0x12B)
[1022/183123.867:WARNING:pe_image_reader.cc(281)] could not read dos header from C:\WINDOWS\System32\win32u.dll
[1022/183123.867:ERROR:process_reader_win.cc(242)] ReadMemory at 0x7ffe9ef90000 of 64 bytes failed: Only part of a ReadProcessMemory or WriteProcessMemory request was completed. (0x12B)
[1022/183123.867:WARNING:pe_image_reader.cc(281)] could not read dos header from C:\WINDOWS\System32\USER32.dll
[1022/183123.867:ERROR:process_reader_win.cc(242)] ReadMemory at 0x7ffe9deb0000 of 64 bytes failed: Only part of a ReadProcessMemory or WriteProcessMemory request was completed. (0x12B)
[1022/183123.867:WARNING:pe_image_reader.cc(281)] could not read dos header from C:\WINDOWS\System32\gdi32full.dll
[1022/183123.867:ERROR:process_reader_win.cc(242)] ReadMemory at 0x7ffea1270000 of 64 bytes failed: Only part of a ReadProcessMemory or WriteProcessMemory request was completed. (0x12B)
[1022/183123.867:WARNING:pe_image_reader.cc(281)] could not read dos header from C:\WINDOWS\System32\GDI32.dll
[1022/183123.867:ERROR:process_reader_win.cc(242)] ReadMemory at 0x7ffea1780000 of 64 bytes failed: Only part of a ReadProcessMemory or WriteProcessMemory request was completed. (0x12B)
[1022/183123.867:WARNING:pe_image_reader.cc(281)] could not read dos header from C:\WINDOWS\System32\IMM32.DLL
[1022/183123.867:ERROR:process_reader_win.cc(242)] ReadMemory at 0x7ffea1720000 of 64 bytes failed: Only part of a ReadProcessMemory or WriteProcessMemory request was completed. (0x12B)
[1022/183123.867:WARNING:pe_image_reader.cc(281)] could not read dos header from C:\WINDOWS\System32\shlwapi.dll
[1022/183123.867:ERROR:process_reader_win.cc(242)] ReadMemory at 0x7ffe9de90000 of 64 bytes failed: Only part of a ReadProcessMemory or WriteProcessMemory request was completed. (0x12B)
[1022/183123.867:WARNING:pe_image_reader.cc(281)] could not read dos header from C:\WINDOWS\System32\kernel.appcore.dll
[1022/183123.867:ERROR:process_reader_win.cc(242)] ReadMemory at 0x7ffe9de20000 of 64 bytes failed: Only part of a ReadProcessMemory or WriteProcessMemory request was completed. (0x12B)
[1022/183123.867:WARNING:pe_image_reader.cc(281)] could not read dos header from C:\WINDOWS\System32\powrprof.dll
[1022/183123.867:ERROR:process_reader_win.cc(242)] ReadMemory at 0x7ffe9de00000 of 64 bytes failed: Only part of a ReadProcessMemory or WriteProcessMemory request was completed. (0x12B)
[1022/183123.867:WARNING:pe_image_reader.cc(281)] could not read dos header from C:\WINDOWS\System32\profapi.dll
[1022/183123.867:ERROR:process_reader_win.cc(242)] ReadMemory at 0x7ffe9e340000 of 64 bytes failed: Only part of a ReadProcessMemory or WriteProcessMemory request was completed. (0x12B)
[1022/183123.867:WARNING:pe_image_reader.cc(281)] could not read dos header from C:\WINDOWS\System32\windows.storage.dll
[1022/183123.867:ERROR:process_reader_win.cc(242)] ReadMemory at 0x7ffe9fc20000 of 64 bytes failed: Only part of a ReadProcessMemory or WriteProcessMemory request was completed. (0x12B)
[1022/183123.867:WARNING:pe_image_reader.cc(281)] could not read dos header from C:\WINDOWS\System32\SHELL32.dll
[1022/183123.867:ERROR:process_reader_win.cc(242)] ReadMemory at 0x7ffe9aa40000 of 64 bytes failed: Only part of a ReadProcessMemory or WriteProcessMemory request was completed. (0x12B)
[1022/183123.867:WARNING:pe_image_reader.cc(281)] could not read dos header from C:\WINDOWS\SYSTEM32\WINMMBASE.dll
[1022/183123.867:ERROR:process_reader_win.cc(242)] ReadMemory at 0x7ffe9aa70000 of 64 bytes failed: Only part of a ReadProcessMemory or WriteProcessMemory request was completed. (0x12B)
[1022/183123.867:WARNING:pe_image_reader.cc(281)] could not read dos header from C:\WINDOWS\SYSTEM32\WINMM.dll
[1022/183123.867:ERROR:process_reader_win.cc(242)] ReadMemory at 0x7ffe9dd30000 of 64 bytes failed: Only part of a ReadProcessMemory or WriteProcessMemory request was completed. (0x12B)
[1022/183123.867:WARNING:pe_image_reader.cc(281)] could not read dos header from C:\WINDOWS\SYSTEM32\USERENV.dll
[1022/183123.867:ERROR:process_reader_win.cc(242)] ReadMemory at 0x7ffe942a0000 of 64 bytes failed: Only part of a ReadProcessMemory or WriteProcessMemory request was completed. (0x12B)
[1022/183123.867:WARNING:pe_image_reader.cc(281)] could not read dos header from C:\WINDOWS\SYSTEM32\WINHTTP.dll
[1022/183123.867:ERROR:process_reader_win.cc(242)] ReadMemory at 0x7ffe9d870000 of 64 bytes failed: Only part of a ReadProcessMemory or WriteProcessMemory request was completed. (0x12B)
[1022/183123.867:WARNING:pe_image_reader.cc(281)] could not read dos header from C:\WINDOWS\SYSTEM32\CRYPTBASE.DLL
[1022/183123.867:ERROR:process_reader_win.cc(242)] ReadMemory at 0x23896e60000 of 64 bytes failed: Only part of a ReadProcessMemory or WriteProcessMemory request was completed. (0x12B)
[1022/183123.867:WARNING:pe_image_reader.cc(281)] could not read dos header from C:\WINDOWS\System32\ole32.dll
[1022/183123.867:ERROR:process_reader_win.cc(242)] ReadMemory at 0x7ffea1590000 of 64 bytes failed: Only part of a ReadProcessMemory or WriteProcessMemory request was completed. (0x12B)
[1022/183123.867:WARNING:pe_image_reader.cc(281)] could not read dos header from C:\WINDOWS\System32\OLEAUT32.dll
[1022/183123.867:ERROR:process_reader_win.cc(242)] ReadMemory at 0x7ffe9f340000 of 64 bytes failed: Only part of a ReadProcessMemory or WriteProcessMemory request was completed. (0x12B)
[1022/183123.867:WARNING:pe_image_reader.cc(281)] could not read dos header from C:\WINDOWS\System32\WS2_32.dll
[1022/183123.867:ERROR:process_reader_win.cc(242)] ReadMemory at 0x7ffe9de70000 of 64 bytes failed: Only part of a ReadProcessMemory or WriteProcessMemory request was completed. (0x12B)
[1022/183123.867:WARNING:pe_image_reader.cc(281)] could not read dos header from C:\WINDOWS\System32\MSASN1.dll
[1022/183123.867:ERROR:process_reader_win.cc(242)] ReadMemory at 0x7ffe9e170000 of 64 bytes failed: Only part of a ReadProcessMemory or WriteProcessMemory request was completed. (0x12B)
[1022/183123.867:WARNING:pe_image_reader.cc(281)] could not read dos header from C:\WINDOWS\System32\CRYPT32.dll
[1022/183123.867:ERROR:process_reader_win.cc(242)] ReadMemory at 0x7ffe9ed00000 of 64 bytes failed: Only part of a ReadProcessMemory or WriteProcessMemory request was completed. (0x12B)
[1022/183123.867:WARNING:pe_image_reader.cc(281)] could not read dos header from C:\WINDOWS\System32\WINTRUST.dll
[1022/183123.867:ERROR:process_reader_win.cc(242)] ReadMemory at 0x7ffe90f10000 of 64 bytes failed: Only part of a ReadProcessMemory or WriteProcessMemory request was completed. (0x12B)
[1022/183123.867:WARNING:pe_image_reader.cc(281)] could not read dos header from C:\WINDOWS\WinSxS\amd64_microsoft.windows.common-controls_6595b64144ccf1df_6.0.16299.15_none_cc92fb402215d91d\COMCTL32.dll
[1022/183123.867:ERROR:process_reader_win.cc(242)] ReadMemory at 0x7ffea17b0000 of 64 bytes failed: Only part of a ReadProcessMemory or WriteProcessMemory request was completed. (0x12B)
[1022/183123.867:WARNING:pe_image_reader.cc(281)] could not read dos header from C:\WINDOWS\System32\COMDLG32.dll
[1022/183123.867:ERROR:process_reader_win.cc(242)] ReadMemory at 0x7ffe9c790000 of 64 bytes failed: Only part of a ReadProcessMemory or WriteProcessMemory request was completed. (0x12B)
[1022/183123.867:WARNING:pe_image_reader.cc(281)] could not read dos header from C:\WINDOWS\SYSTEM32\dbghelp.dll
[1022/183123.867:ERROR:process_reader_win.cc(242)] ReadMemory at 0x7ffe99040000 of 64 bytes failed: Only part of a ReadProcessMemory or WriteProcessMemory request was completed. (0x12B)
[1022/183123.867:WARNING:pe_image_reader.cc(281)] could not read dos header from C:\WINDOWS\SYSTEM32\USP10.dll
[1022/183123.867:ERROR:process_reader_win.cc(242)] ReadMemory at 0x7ffe9d420000 of 64 bytes failed: Only part of a ReadProcessMemory or WriteProcessMemory request was completed. (0x12B)
[1022/183123.867:WARNING:pe_image_reader.cc(281)] could not read dos header from C:\WINDOWS\SYSTEM32\IPHLPAPI.DLL
[1022/183123.867:ERROR:process_reader_win.cc(242)] ReadMemory at 0x7ffe9d960000 of 64 bytes failed: Only part of a ReadProcessMemory or WriteProcessMemory request was completed. (0x12B)
[1022/183123.867:WARNING:pe_image_reader.cc(281)] could not read dos header from C:\WINDOWS\SYSTEM32\bcrypt.dll
[1022/183123.867:ERROR:process_reader_win.cc(242)] ReadMemory at 0x7ffe91180000 of 64 bytes failed: Only part of a ReadProcessMemory or WriteProcessMemory request was completed. (0x12B)
[1022/183123.867:WARNING:pe_image_reader.cc(281)] could not read dos header from C:\WINDOWS\SYSTEM32\WINSPOOL.DRV
[1022/183123.867:ERROR:process_reader_win.cc(242)] ReadMemory at 0x7ffe8f020000 of 64 bytes failed: Only part of a ReadProcessMemory or WriteProcessMemory request was completed. (0x12B)
[1022/183123.867:WARNING:pe_image_reader.cc(281)] could not read dos header from C:\WINDOWS\SYSTEM32\Secur32.dll
[1022/183123.867:ERROR:process_reader_win.cc(242)] ReadMemory at 0x7ffe983c0000 of 64 bytes failed: Only part of a ReadProcessMemory or WriteProcessMemory request was completed. (0x12B)
[1022/183123.867:WARNING:pe_image_reader.cc(281)] could not read dos header from C:\WINDOWS\SYSTEM32\iertutil.dll
[1022/183123.867:ERROR:process_reader_win.cc(242)] ReadMemory at 0x7ffea1560000 of 64 bytes failed: Only part of a ReadProcessMemory or WriteProcessMemory request was completed. (0x12B)
[1022/183123.867:WARNING:pe_image_reader.cc(281)] could not read dos header from C:\WINDOWS\System32\imagehlp.dll
[1022/183123.867:ERROR:process_reader_win.cc(242)] ReadMemory at 0x7ffe97e30000 of 64 bytes failed: Only part of a ReadProcessMemory or WriteProcessMemory request was completed. (0x12B)
[1022/183123.867:WARNING:pe_image_reader.cc(281)] could not read dos header from C:\WINDOWS\SYSTEM32\urlmon.dll
[1022/183123.867:ERROR:process_reader_win.cc(242)] ReadMemory at 0x7ffe95670000 of 64 bytes failed: Only part of a ReadProcessMemory or WriteProcessMemory request was completed. (0x12B)
[1022/183123.867:WARNING:pe_image_reader.cc(281)] could not read dos header from C:\WINDOWS\SYSTEM32\DWrite.dll
[1022/183123.867:ERROR:process_reader_win.cc(242)] ReadMemory at 0x7ffe9dd00000 of 64 bytes failed: Only part of a ReadProcessMemory or WriteProcessMemory request was completed. (0x12B)
[1022/183123.867:WARNING:pe_image_reader.cc(281)] could not read dos header from C:\WINDOWS\SYSTEM32\SSPICLI.DLL
[1022/183123.867:ERROR:process_reader_win.cc(242)] ReadMemory at 0x7ffe51870000 of 64 bytes failed: Only part of a ReadProcessMemory or WriteProcessMemory request was completed. (0x12B)
[1022/183123.867:WARNING:pe_image_reader.cc(281)] could not read dos header from C:\Program Files (x86)\Google\Chrome\Application\61.0.3163.100\chrome_child.dll
[1022/183123.916:ERROR:process_reader_win.cc(242)] ReadMemory at 0xe63e1f6000 of 40960 bytes failed: Only part of a ReadProcessMemory or WriteProcessMemory request was completed. (0x12B)
[1022/183123.916:ERROR:crash_report_exception_handler.cc(116)] WriteEverything failed
[1022/183123.924:ERROR:scoped_process_suspend.cc(39)] NtResumeProcess: An attempt was made to access an exiting process.  (0xc000010a)
[1022/183948.244:ERROR:process_info.cc(632)] range at 0x576c386c00000000, size 0x28c fully unreadable
[1022/183948.244:ERROR:process_info.cc(632)] range at 0x576c388c00000000, size 0x28c fully unreadable
[1022/183948.244:ERROR:process_info.cc(632)] range at 0x0, size 0x28c fully unreadable
